c:\sotuken\directx12_samples-master\sotuken\debug\vc142.pdb
c:\sotuken\directx12_samples-master\sotuken\debug\vc142.idb
c:\sotuken\directx12_samples-master\sotuken\debug\main.obj
c:\sotuken\directx12_samples-master\debug\basicvertexshader.cso
c:\sotuken\directx12_samples-master\debug\basicpixelshader.cso
c:\sotuken\directx12_samples-master\debug\stagepixelshader.cso
c:\sotuken\directx12_samples-master\debug\stagevertexshader.cso
c:\sotuken\directx12_samples-master\debug\sotuken.exe
c:\sotuken\directx12_samples-master\sotuken\debug\sotuken.ilk
c:\sotuken\directx12_samples-master\debug\sotuken.pdb
c:\sotuken\directx12_samples-master\sotuken\debug\main.obj.enc
c:\sotuken\directx12_samples-master\sotuken\debug\chapter07.ilk
c:\sotuken\directx12_samples-master\sotuken\debug\sotuken.tlog\cl.command.1.tlog
c:\sotuken\directx12_samples-master\sotuken\debug\sotuken.tlog\cl.read.1.tlog
c:\sotuken\directx12_samples-master\sotuken\debug\sotuken.tlog\cl.write.1.tlog
c:\sotuken\directx12_samples-master\sotuken\debug\sotuken.tlog\fxc.command.1.tlog
c:\sotuken\directx12_samples-master\sotuken\debug\sotuken.tlog\fxc.read.1.tlog
c:\sotuken\directx12_samples-master\sotuken\debug\sotuken.tlog\fxc.write.1.tlog
c:\sotuken\directx12_samples-master\sotuken\debug\sotuken.tlog\link.command.1.tlog
c:\sotuken\directx12_samples-master\sotuken\debug\sotuken.tlog\link.read.1.tlog
c:\sotuken\directx12_samples-master\sotuken\debug\sotuken.tlog\link.write.1.tlog
